<?xml version="1.0" encoding="UTF-8"?>
<!-- Generated by org.testng.reporters.JUnitReportReporter -->
<testsuite hostname="sam-PC" name="guru99.gittest.AppTest" tests="1" failures="0" timestamp="26 Aug 2016 14:52:31 GMT" time="2.828" errors="0">
  <testcase name="testEasy" time="2.828" classname="guru99.gittest.AppTest"/>
</testsuite> <!-- guru99.gittest.AppTest -->
