<?xml version="1.0" encoding="UTF-8"?>
<!-- Generated by org.testng.reporters.JUnitReportReporter -->
<testsuite hostname="sam-PC" name="com.wordpress.Testcases.AppTest" tests="1" failures="0" timestamp="26 Aug 2016 15:01:30 GMT" time="3.560" errors="0">
  <testcase name="testEasy" time="3.560" classname="com.wordpress.Testcases.AppTest"/>
</testsuite> <!-- com.wordpress.Testcases.AppTest -->
