<?xml version="1.0" encoding="UTF-8"?>
<!-- Generated by org.testng.reporters.JUnitReportReporter -->
<testsuite hostname="sam-PC" name="com.wordpress.Testcases.AppTest" tests="1" failures="0" timestamp="26 Aug 2016 18:54:34 GMT" time="9.036" errors="0">
  <testcase name="testEasy" time="9.036" classname="com.wordpress.Testcases.AppTest"/>
</testsuite> <!-- com.wordpress.Testcases.AppTest -->
