<?xml version="1.0" encoding="UTF-8"?>
<!-- Generated by org.testng.reporters.JUnitReportReporter -->
<testsuite hostname="sam-PC" name="com.wordpress.Testcases.VerifyValidLogin" tests="1" failures="0" timestamp="26 Aug 2016 15:01:30 GMT" time="31.941" errors="0">
  <testcase name="checkValidUser" time="31.941" classname="com.wordpress.Testcases.VerifyValidLogin"/>
</testsuite> <!-- com.wordpress.Testcases.VerifyValidLogin -->
